Analysis & Synthesis report for integrado
Tue Jun 25 15:22:37 2019
Quartus II 64-Bit Version 14.1.0 Build 186 12/03/2014 SJ Web Edition


---------------------
; Table of Contents ;
---------------------
  1. Legal Notice
  2. Analysis & Synthesis Summary
  3. Analysis & Synthesis Settings
  4. Parallel Compilation
  5. Analysis & Synthesis Source Files Read
  6. Analysis & Synthesis Resource Usage Summary
  7. Analysis & Synthesis Resource Utilization by Entity
  8. General Register Statistics
  9. Post-Synthesis Netlist Statistics for Top Partition
 10. Elapsed Time Per Partition
 11. Analysis & Synthesis Messages



----------------
; Legal Notice ;
----------------
Copyright (C) 1991-2014 Altera Corporation. All rights reserved.
Your use of Altera Corporation's design tools, logic functions 
and other software and tools, and its AMPP partner logic 
functions, and any output files from any of the foregoing 
(including device programming or simulation files), and any 
associated documentation or information are expressly subject 
to the terms and conditions of the Altera Program License 
Subscription Agreement, the Altera Quartus II License Agreement,
the Altera MegaCore Function License Agreement, or other 
applicable license agreement, including, without limitation, 
that your use is for the sole purpose of programming logic 
devices manufactured by Altera and sold by Altera or its 
authorized distributors.  Please refer to the applicable 
agreement for further details.



+------------------------------------------------------------------------------+
; Analysis & Synthesis Summary                                                 ;
+---------------------------------+--------------------------------------------+
; Analysis & Synthesis Status     ; Successful - Tue Jun 25 15:22:32 2019      ;
; Quartus II 64-Bit Version       ; 14.1.0 Build 186 12/03/2014 SJ Web Edition ;
; Revision Name                   ; integrado                                  ;
; Top-level Entity Name           ; integrado                                  ;
; Family                          ; Cyclone V                                  ;
; Logic utilization (in ALMs)     ; N/A                                        ;
; Total registers                 ; 0                                          ;
; Total pins                      ; 52                                         ;
; Total virtual pins              ; 0                                          ;
; Total block memory bits         ; 0                                          ;
; Total DSP Blocks                ; 0                                          ;
; Total HSSI RX PCSs              ; 0                                          ;
; Total HSSI PMA RX Deserializers ; 0                                          ;
; Total HSSI TX PCSs              ; 0                                          ;
; Total HSSI PMA TX Serializers   ; 0                                          ;
; Total PLLs                      ; 0                                          ;
; Total DLLs                      ; 0                                          ;
+---------------------------------+--------------------------------------------+


+---------------------------------------------------------------------------------------------------------------------------+
; Analysis & Synthesis Settings                                                                                             ;
+---------------------------------------------------------------------------------+--------------------+--------------------+
; Option                                                                          ; Setting            ; Default Value      ;
+---------------------------------------------------------------------------------+--------------------+--------------------+
; Device                                                                          ; 5CEBA4F23C7        ;                    ;
; Top-level entity name                                                           ; integrado          ; integrado          ;
; Family name                                                                     ; Cyclone V          ; Cyclone IV GX      ;
; Use smart compilation                                                           ; Off                ; Off                ;
; Enable parallel Assembler and TimeQuest Timing Analyzer during compilation      ; On                 ; On                 ;
; Enable compact report table                                                     ; Off                ; Off                ;
; Restructure Multiplexers                                                        ; Auto               ; Auto               ;
; MLAB Add Timing Constraints For Mixed-Port Feed-Through Mode Setting Don't Care ; Off                ; Off                ;
; Create Debugging Nodes for IP Cores                                             ; Off                ; Off                ;
; Preserve fewer node names                                                       ; On                 ; On                 ;
; Disable OpenCore Plus hardware evaluation                                       ; Off                ; Off                ;
; Verilog Version                                                                 ; Verilog_2001       ; Verilog_2001       ;
; VHDL Version                                                                    ; VHDL_1993          ; VHDL_1993          ;
; State Machine Processing                                                        ; Auto               ; Auto               ;
; Safe State Machine                                                              ; Off                ; Off                ;
; Extract Verilog State Machines                                                  ; On                 ; On                 ;
; Extract VHDL State Machines                                                     ; On                 ; On                 ;
; Ignore Verilog initial constructs                                               ; Off                ; Off                ;
; Iteration limit for constant Verilog loops                                      ; 5000               ; 5000               ;
; Iteration limit for non-constant Verilog loops                                  ; 250                ; 250                ;
; Add Pass-Through Logic to Inferred RAMs                                         ; On                 ; On                 ;
; Infer RAMs from Raw Logic                                                       ; On                 ; On                 ;
; Parallel Synthesis                                                              ; On                 ; On                 ;
; DSP Block Balancing                                                             ; Auto               ; Auto               ;
; NOT Gate Push-Back                                                              ; On                 ; On                 ;
; Power-Up Don't Care                                                             ; On                 ; On                 ;
; Remove Redundant Logic Cells                                                    ; Off                ; Off                ;
; Remove Duplicate Registers                                                      ; On                 ; On                 ;
; Ignore CARRY Buffers                                                            ; Off                ; Off                ;
; Ignore CASCADE Buffers                                                          ; Off                ; Off                ;
; Ignore GLOBAL Buffers                                                           ; Off                ; Off                ;
; Ignore ROW GLOBAL Buffers                                                       ; Off                ; Off                ;
; Ignore LCELL Buffers                                                            ; Off                ; Off                ;
; Ignore SOFT Buffers                                                             ; On                 ; On                 ;
; Limit AHDL Integers to 32 Bits                                                  ; Off                ; Off                ;
; Optimization Technique                                                          ; Balanced           ; Balanced           ;
; Carry Chain Length                                                              ; 70                 ; 70                 ;
; Auto Carry Chains                                                               ; On                 ; On                 ;
; Auto Open-Drain Pins                                                            ; On                 ; On                 ;
; Perform WYSIWYG Primitive Resynthesis                                           ; Off                ; Off                ;
; Auto ROM Replacement                                                            ; On                 ; On                 ;
; Auto RAM Replacement                                                            ; On                 ; On                 ;
; Auto DSP Block Replacement                                                      ; On                 ; On                 ;
; Auto Shift Register Replacement                                                 ; Auto               ; Auto               ;
; Allow Shift Register Merging across Hierarchies                                 ; Auto               ; Auto               ;
; Auto Clock Enable Replacement                                                   ; On                 ; On                 ;
; Strict RAM Replacement                                                          ; Off                ; Off                ;
; Allow Synchronous Control Signals                                               ; On                 ; On                 ;
; Force Use of Synchronous Clear Signals                                          ; Off                ; Off                ;
; Auto Resource Sharing                                                           ; Off                ; Off                ;
; Allow Any RAM Size For Recognition                                              ; Off                ; Off                ;
; Allow Any ROM Size For Recognition                                              ; Off                ; Off                ;
; Allow Any Shift Register Size For Recognition                                   ; Off                ; Off                ;
; Use LogicLock Constraints during Resource Balancing                             ; On                 ; On                 ;
; Ignore translate_off and synthesis_off directives                               ; Off                ; Off                ;
; Timing-Driven Synthesis                                                         ; On                 ; On                 ;
; Report Parameter Settings                                                       ; On                 ; On                 ;
; Report Source Assignments                                                       ; On                 ; On                 ;
; Report Connectivity Checks                                                      ; On                 ; On                 ;
; Ignore Maximum Fan-Out Assignments                                              ; Off                ; Off                ;
; Synchronization Register Chain Length                                           ; 3                  ; 3                  ;
; PowerPlay Power Optimization During Synthesis                                   ; Normal compilation ; Normal compilation ;
; HDL message level                                                               ; Level2             ; Level2             ;
; Suppress Register Optimization Related Messages                                 ; Off                ; Off                ;
; Number of Removed Registers Reported in Synthesis Report                        ; 5000               ; 5000               ;
; Number of Swept Nodes Reported in Synthesis Report                              ; 5000               ; 5000               ;
; Number of Inverted Registers Reported in Synthesis Report                       ; 100                ; 100                ;
; Clock MUX Protection                                                            ; On                 ; On                 ;
; Auto Gated Clock Conversion                                                     ; Off                ; Off                ;
; Block Design Naming                                                             ; Auto               ; Auto               ;
; SDC constraint protection                                                       ; Off                ; Off                ;
; Synthesis Effort                                                                ; Auto               ; Auto               ;
; Shift Register Replacement - Allow Asynchronous Clear Signal                    ; On                 ; On                 ;
; Pre-Mapping Resynthesis Optimization                                            ; Off                ; Off                ;
; Analysis & Synthesis Message Level                                              ; Medium             ; Medium             ;
; Disable Register Merging Across Hierarchies                                     ; Auto               ; Auto               ;
; Resource Aware Inference For Block RAM                                          ; On                 ; On                 ;
; Synthesis Seed                                                                  ; 1                  ; 1                  ;
; Automatic Parallel Synthesis                                                    ; On                 ; On                 ;
; Partial Reconfiguration Bitstream ID                                            ; Off                ; Off                ;
+---------------------------------------------------------------------------------+--------------------+--------------------+


+------------------------------------------+
; Parallel Compilation                     ;
+----------------------------+-------------+
; Processors                 ; Number      ;
+----------------------------+-------------+
; Number detected on machine ; 4           ;
; Maximum allowed            ; 4           ;
;                            ;             ;
; Average used               ; 1.00        ;
; Maximum used               ; 1           ;
;                            ;             ;
; Usage by Processor         ; % Time Used ;
;     Processor 1            ; 100.0%      ;
;     Processors 2-4         ;   0.0%      ;
+----------------------------+-------------+


+---------------------------------------------------------------------------------------------------------------------------------------------------------------------+
; Analysis & Synthesis Source Files Read                                                                                                                              ;
+----------------------------------+-----------------+------------------------------------------+-----------------------------------------------------------+---------+
; File Name with User-Entered Path ; Used in Netlist ; File Type                                ; File Name with Absolute Path                              ; Library ;
+----------------------------------+-----------------+------------------------------------------+-----------------------------------------------------------+---------+
; integrado.bdf                    ; yes             ; User Block Diagram/Schematic File        ; E:/BCC/LD/integrado/integrado.bdf                         ;         ;
; multiplicadortotal.bdf           ; yes             ; User Block Diagram/Schematic File        ; E:/BCC/LD/integrado/multiplicadortotal.bdf                ;         ;
; somadortotal.bdf                 ; yes             ; User Block Diagram/Schematic File        ; E:/BCC/LD/integrado/somadortotal.bdf                      ;         ;
; multiplex2.bdf                   ; yes             ; User Block Diagram/Schematic File        ; E:/BCC/LD/integrado/multiplex2.bdf                        ;         ;
; divvvvv.bdf                      ; yes             ; User Block Diagram/Schematic File        ; E:/BCC/LD/integrado/divvvvv.bdf                           ;         ;
; rzqd.bdf                         ; yes             ; User Block Diagram/Schematic File        ; E:/BCC/LD/integrado/rzqd.bdf                              ;         ;
; multiplex.bdf                    ; yes             ; Auto-Found Block Diagram/Schematic File  ; E:/BCC/LD/integrado/multiplex.bdf                         ;         ;
; display.bdf                      ; yes             ; Auto-Found Block Diagram/Schematic File  ; E:/BCC/LD/integrado/display.bdf                           ;         ;
; comp2.bdf                        ; yes             ; Auto-Found Block Diagram/Schematic File  ; E:/BCC/LD/integrado/comp2.bdf                             ;         ;
; meiosomador.bdf                  ; yes             ; Auto-Found Block Diagram/Schematic File  ; E:/BCC/LD/integrado/meiosomador.bdf                       ;         ;
; div.bdf                          ; yes             ; Auto-Found Block Diagram/Schematic File  ; E:/BCC/LD/integrado/div.bdf                               ;         ;
; somsub.bdf                       ; yes             ; Auto-Found Block Diagram/Schematic File  ; E:/BCC/LD/integrado/somsub.bdf                            ;         ;
; xor3.bdf                         ; yes             ; Megafunction                             ; c:/altera/14.1/quartus/libraries/others/maxplus2/xor3.bdf ;         ;
; somador.bdf                      ; yes             ; Auto-Found Block Diagram/Schematic File  ; E:/BCC/LD/integrado/somador.bdf                           ;         ;
; mult.bdf                         ; yes             ; Auto-Found Block Diagram/Schematic File  ; E:/BCC/LD/integrado/mult.bdf                              ;         ;
+----------------------------------+-----------------+------------------------------------------+-----------------------------------------------------------+---------+


+----------------------------------------------------------+
; Analysis & Synthesis Resource Usage Summary              ;
+---------------------------------------------+------------+
; Resource                                    ; Usage      ;
+---------------------------------------------+------------+
; Estimate of Logic utilization (ALMs needed) ; 109        ;
;                                             ;            ;
; Combinational ALUT usage for logic          ; 178        ;
;     -- 7 input functions                    ; 4          ;
;     -- 6 input functions                    ; 35         ;
;     -- 5 input functions                    ; 58         ;
;     -- 4 input functions                    ; 38         ;
;     -- <=3 input functions                  ; 43         ;
;                                             ;            ;
; Dedicated logic registers                   ; 0          ;
;                                             ;            ;
; I/O pins                                    ; 52         ;
;                                             ;            ;
; Total DSP Blocks                            ; 0          ;
;                                             ;            ;
; Maximum fan-out node                        ; rzqd~input ;
; Maximum fan-out                             ; 42         ;
; Total fan-out                               ; 881        ;
; Average fan-out                             ; 3.12       ;
+---------------------------------------------+------------+


+-------------------------------------------------------------------------------------------------------------------------------------------------------------------------------------------------------------------+
; Analysis & Synthesis Resource Utilization by Entity                                                                                                                                                               ;
+--------------------------------+-------------------+--------------+-------------------+------------+------+--------------+-------------------------------------------------------------------------+--------------+
; Compilation Hierarchy Node     ; LC Combinationals ; LC Registers ; Block Memory Bits ; DSP Blocks ; Pins ; Virtual Pins ; Full Hierarchy Name                                                     ; Library Name ;
+--------------------------------+-------------------+--------------+-------------------+------------+------+--------------+-------------------------------------------------------------------------+--------------+
; |integrado                     ; 178 (1)           ; 0 (0)        ; 0                 ; 0          ; 52   ; 0            ; |integrado                                                              ; work         ;
;    |comp2:inst27|              ; 3 (0)             ; 0 (0)        ; 0                 ; 0          ; 0    ; 0            ; |integrado|comp2:inst27                                                 ; work         ;
;       |meiosomador:inst6|      ; 1 (1)             ; 0 (0)        ; 0                 ; 0          ; 0    ; 0            ; |integrado|comp2:inst27|meiosomador:inst6                               ; work         ;
;       |meiosomador:inst7|      ; 1 (1)             ; 0 (0)        ; 0                 ; 0          ; 0    ; 0            ; |integrado|comp2:inst27|meiosomador:inst7                               ; work         ;
;       |meiosomador:inst8|      ; 1 (1)             ; 0 (0)        ; 0                 ; 0          ; 0    ; 0            ; |integrado|comp2:inst27|meiosomador:inst8                               ; work         ;
;    |comp2:inst28|              ; 2 (0)             ; 0 (0)        ; 0                 ; 0          ; 0    ; 0            ; |integrado|comp2:inst28                                                 ; work         ;
;       |meiosomador:inst6|      ; 1 (1)             ; 0 (0)        ; 0                 ; 0          ; 0    ; 0            ; |integrado|comp2:inst28|meiosomador:inst6                               ; work         ;
;       |meiosomador:inst8|      ; 1 (1)             ; 0 (0)        ; 0                 ; 0          ; 0    ; 0            ; |integrado|comp2:inst28|meiosomador:inst8                               ; work         ;
;    |display:inst38|            ; 6 (6)             ; 0 (0)        ; 0                 ; 0          ; 0    ; 0            ; |integrado|display:inst38                                               ; work         ;
;    |display:opaaaaaa|          ; 7 (7)             ; 0 (0)        ; 0                 ; 0          ; 0    ; 0            ; |integrado|display:opaaaaaa                                             ; work         ;
;    |divvvvv:inst81|            ; 19 (0)            ; 0 (0)        ; 0                 ; 0          ; 0    ; 0            ; |integrado|divvvvv:inst81                                               ; work         ;
;       |div:inst11|             ; 1 (0)             ; 0 (0)        ; 0                 ; 0          ; 0    ; 0            ; |integrado|divvvvv:inst81|div:inst11                                    ; work         ;
;          |somsub:inst2|        ; 1 (1)             ; 0 (0)        ; 0                 ; 0          ; 0    ; 0            ; |integrado|divvvvv:inst81|div:inst11|somsub:inst2                       ; work         ;
;       |div:inst13|             ; 1 (0)             ; 0 (0)        ; 0                 ; 0          ; 0    ; 0            ; |integrado|divvvvv:inst81|div:inst13                                    ; work         ;
;          |multiplex:inst|      ; 1 (1)             ; 0 (0)        ; 0                 ; 0          ; 0    ; 0            ; |integrado|divvvvv:inst81|div:inst13|multiplex:inst                     ; work         ;
;       |div:inst14|             ; 1 (0)             ; 0 (0)        ; 0                 ; 0          ; 0    ; 0            ; |integrado|divvvvv:inst81|div:inst14                                    ; work         ;
;          |multiplex:inst|      ; 1 (1)             ; 0 (0)        ; 0                 ; 0          ; 0    ; 0            ; |integrado|divvvvv:inst81|div:inst14|multiplex:inst                     ; work         ;
;       |div:inst15|             ; 3 (0)             ; 0 (0)        ; 0                 ; 0          ; 0    ; 0            ; |integrado|divvvvv:inst81|div:inst15                                    ; work         ;
;          |somsub:inst2|        ; 3 (3)             ; 0 (0)        ; 0                 ; 0          ; 0    ; 0            ; |integrado|divvvvv:inst81|div:inst15|somsub:inst2                       ; work         ;
;       |div:inst16|             ; 1 (0)             ; 0 (0)        ; 0                 ; 0          ; 0    ; 0            ; |integrado|divvvvv:inst81|div:inst16                                    ; work         ;
;          |multiplex:inst|      ; 1 (1)             ; 0 (0)        ; 0                 ; 0          ; 0    ; 0            ; |integrado|divvvvv:inst81|div:inst16|multiplex:inst                     ; work         ;
;       |div:inst17|             ; 2 (0)             ; 0 (0)        ; 0                 ; 0          ; 0    ; 0            ; |integrado|divvvvv:inst81|div:inst17                                    ; work         ;
;          |multiplex:inst|      ; 1 (1)             ; 0 (0)        ; 0                 ; 0          ; 0    ; 0            ; |integrado|divvvvv:inst81|div:inst17|multiplex:inst                     ; work         ;
;          |somsub:inst2|        ; 1 (1)             ; 0 (0)        ; 0                 ; 0          ; 0    ; 0            ; |integrado|divvvvv:inst81|div:inst17|somsub:inst2                       ; work         ;
;       |div:inst19|             ; 2 (0)             ; 0 (0)        ; 0                 ; 0          ; 0    ; 0            ; |integrado|divvvvv:inst81|div:inst19                                    ; work         ;
;          |multiplex:inst|      ; 1 (1)             ; 0 (0)        ; 0                 ; 0          ; 0    ; 0            ; |integrado|divvvvv:inst81|div:inst19|multiplex:inst                     ; work         ;
;          |somsub:inst2|        ; 1 (1)             ; 0 (0)        ; 0                 ; 0          ; 0    ; 0            ; |integrado|divvvvv:inst81|div:inst19|somsub:inst2                       ; work         ;
;       |div:inst20|             ; 1 (0)             ; 0 (0)        ; 0                 ; 0          ; 0    ; 0            ; |integrado|divvvvv:inst81|div:inst20                                    ; work         ;
;          |multiplex:inst|      ; 1 (1)             ; 0 (0)        ; 0                 ; 0          ; 0    ; 0            ; |integrado|divvvvv:inst81|div:inst20|multiplex:inst                     ; work         ;
;       |div:inst21|             ; 5 (0)             ; 0 (0)        ; 0                 ; 0          ; 0    ; 0            ; |integrado|divvvvv:inst81|div:inst21                                    ; work         ;
;          |multiplex:inst|      ; 1 (1)             ; 0 (0)        ; 0                 ; 0          ; 0    ; 0            ; |integrado|divvvvv:inst81|div:inst21|multiplex:inst                     ; work         ;
;          |somsub:inst2|        ; 4 (4)             ; 0 (0)        ; 0                 ; 0          ; 0    ; 0            ; |integrado|divvvvv:inst81|div:inst21|somsub:inst2                       ; work         ;
;       |div:inst22|             ; 1 (0)             ; 0 (0)        ; 0                 ; 0          ; 0    ; 0            ; |integrado|divvvvv:inst81|div:inst22                                    ; work         ;
;          |multiplex:inst|      ; 1 (1)             ; 0 (0)        ; 0                 ; 0          ; 0    ; 0            ; |integrado|divvvvv:inst81|div:inst22|multiplex:inst                     ; work         ;
;       |div:inst7|              ; 1 (0)             ; 0 (0)        ; 0                 ; 0          ; 0    ; 0            ; |integrado|divvvvv:inst81|div:inst7                                     ; work         ;
;          |somsub:inst2|        ; 1 (1)             ; 0 (0)        ; 0                 ; 0          ; 0    ; 0            ; |integrado|divvvvv:inst81|div:inst7|somsub:inst2                        ; work         ;
;    |multiplex2:inst51|         ; 5 (5)             ; 0 (0)        ; 0                 ; 0          ; 0    ; 0            ; |integrado|multiplex2:inst51                                            ; work         ;
;    |multiplex2:inst55|         ; 5 (5)             ; 0 (0)        ; 0                 ; 0          ; 0    ; 0            ; |integrado|multiplex2:inst55                                            ; work         ;
;    |multiplex2:inst56|         ; 5 (5)             ; 0 (0)        ; 0                 ; 0          ; 0    ; 0            ; |integrado|multiplex2:inst56                                            ; work         ;
;    |multiplex2:inst57|         ; 6 (6)             ; 0 (0)        ; 0                 ; 0          ; 0    ; 0            ; |integrado|multiplex2:inst57                                            ; work         ;
;    |multiplex2:inst58|         ; 5 (5)             ; 0 (0)        ; 0                 ; 0          ; 0    ; 0            ; |integrado|multiplex2:inst58                                            ; work         ;
;    |multiplex2:inst59|         ; 5 (5)             ; 0 (0)        ; 0                 ; 0          ; 0    ; 0            ; |integrado|multiplex2:inst59                                            ; work         ;
;    |multiplex2:inst60|         ; 5 (5)             ; 0 (0)        ; 0                 ; 0          ; 0    ; 0            ; |integrado|multiplex2:inst60                                            ; work         ;
;    |multiplex2:inst61|         ; 3 (3)             ; 0 (0)        ; 0                 ; 0          ; 0    ; 0            ; |integrado|multiplex2:inst61                                            ; work         ;
;    |multiplex2:inst64|         ; 4 (4)             ; 0 (0)        ; 0                 ; 0          ; 0    ; 0            ; |integrado|multiplex2:inst64                                            ; work         ;
;    |multiplex2:inst65|         ; 3 (3)             ; 0 (0)        ; 0                 ; 0          ; 0    ; 0            ; |integrado|multiplex2:inst65                                            ; work         ;
;    |multiplex2:inst66|         ; 4 (4)             ; 0 (0)        ; 0                 ; 0          ; 0    ; 0            ; |integrado|multiplex2:inst66                                            ; work         ;
;    |multiplex2:inst67|         ; 6 (6)             ; 0 (0)        ; 0                 ; 0          ; 0    ; 0            ; |integrado|multiplex2:inst67                                            ; work         ;
;    |multiplex2:inst68|         ; 3 (3)             ; 0 (0)        ; 0                 ; 0          ; 0    ; 0            ; |integrado|multiplex2:inst68                                            ; work         ;
;    |multiplex2:inst69|         ; 4 (4)             ; 0 (0)        ; 0                 ; 0          ; 0    ; 0            ; |integrado|multiplex2:inst69                                            ; work         ;
;    |multiplex2:inst70|         ; 4 (4)             ; 0 (0)        ; 0                 ; 0          ; 0    ; 0            ; |integrado|multiplex2:inst70                                            ; work         ;
;    |multiplex2:inst71|         ; 1 (1)             ; 0 (0)        ; 0                 ; 0          ; 0    ; 0            ; |integrado|multiplex2:inst71                                            ; work         ;
;    |multiplex:aaaaaaaaaaaaaaa| ; 1 (1)             ; 0 (0)        ; 0                 ; 0          ; 0    ; 0            ; |integrado|multiplex:aaaaaaaaaaaaaaa                                    ; work         ;
;    |multiplex:inst14|          ; 1 (1)             ; 0 (0)        ; 0                 ; 0          ; 0    ; 0            ; |integrado|multiplex:inst14                                             ; work         ;
;    |multiplex:inst16|          ; 1 (1)             ; 0 (0)        ; 0                 ; 0          ; 0    ; 0            ; |integrado|multiplex:inst16                                             ; work         ;
;    |multiplex:inst18|          ; 1 (1)             ; 0 (0)        ; 0                 ; 0          ; 0    ; 0            ; |integrado|multiplex:inst18                                             ; work         ;
;    |multiplex:inst20|          ; 1 (1)             ; 0 (0)        ; 0                 ; 0          ; 0    ; 0            ; |integrado|multiplex:inst20                                             ; work         ;
;    |multiplex:inst22|          ; 1 (1)             ; 0 (0)        ; 0                 ; 0          ; 0    ; 0            ; |integrado|multiplex:inst22                                             ; work         ;
;    |multiplex:inst24|          ; 1 (1)             ; 0 (0)        ; 0                 ; 0          ; 0    ; 0            ; |integrado|multiplex:inst24                                             ; work         ;
;    |multiplex:inst25|          ; 1 (1)             ; 0 (0)        ; 0                 ; 0          ; 0    ; 0            ; |integrado|multiplex:inst25                                             ; work         ;
;    |multiplex:inst29|          ; 1 (1)             ; 0 (0)        ; 0                 ; 0          ; 0    ; 0            ; |integrado|multiplex:inst29                                             ; work         ;
;    |multiplex:inst30|          ; 1 (1)             ; 0 (0)        ; 0                 ; 0          ; 0    ; 0            ; |integrado|multiplex:inst30                                             ; work         ;
;    |multiplex:inst31|          ; 1 (1)             ; 0 (0)        ; 0                 ; 0          ; 0    ; 0            ; |integrado|multiplex:inst31                                             ; work         ;
;    |multiplex:inst32|          ; 1 (1)             ; 0 (0)        ; 0                 ; 0          ; 0    ; 0            ; |integrado|multiplex:inst32                                             ; work         ;
;    |multiplex:inst33|          ; 1 (1)             ; 0 (0)        ; 0                 ; 0          ; 0    ; 0            ; |integrado|multiplex:inst33                                             ; work         ;
;    |multiplex:inst34|          ; 1 (1)             ; 0 (0)        ; 0                 ; 0          ; 0    ; 0            ; |integrado|multiplex:inst34                                             ; work         ;
;    |multiplex:inst35|          ; 3 (3)             ; 0 (0)        ; 0                 ; 0          ; 0    ; 0            ; |integrado|multiplex:inst35                                             ; work         ;
;    |multiplex:inst36|          ; 2 (2)             ; 0 (0)        ; 0                 ; 0          ; 0    ; 0            ; |integrado|multiplex:inst36                                             ; work         ;
;    |multiplex:inst37|          ; 1 (1)             ; 0 (0)        ; 0                 ; 0          ; 0    ; 0            ; |integrado|multiplex:inst37                                             ; work         ;
;    |multiplex:inst39|          ; 1 (1)             ; 0 (0)        ; 0                 ; 0          ; 0    ; 0            ; |integrado|multiplex:inst39                                             ; work         ;
;    |multiplex:inst40|          ; 1 (1)             ; 0 (0)        ; 0                 ; 0          ; 0    ; 0            ; |integrado|multiplex:inst40                                             ; work         ;
;    |multiplex:inst41|          ; 1 (1)             ; 0 (0)        ; 0                 ; 0          ; 0    ; 0            ; |integrado|multiplex:inst41                                             ; work         ;
;    |multiplex:inst42|          ; 1 (1)             ; 0 (0)        ; 0                 ; 0          ; 0    ; 0            ; |integrado|multiplex:inst42                                             ; work         ;
;    |multiplex:inst43|          ; 1 (1)             ; 0 (0)        ; 0                 ; 0          ; 0    ; 0            ; |integrado|multiplex:inst43                                             ; work         ;
;    |multiplicadortotal:inst83| ; 19 (0)            ; 0 (0)        ; 0                 ; 0          ; 0    ; 0            ; |integrado|multiplicadortotal:inst83                                    ; work         ;
;       |mult:inst10|            ; 1 (0)             ; 0 (0)        ; 0                 ; 0          ; 0    ; 0            ; |integrado|multiplicadortotal:inst83|mult:inst10                        ; work         ;
;          |somador:inst|        ; 1 (0)             ; 0 (0)        ; 0                 ; 0          ; 0    ; 0            ; |integrado|multiplicadortotal:inst83|mult:inst10|somador:inst           ; work         ;
;             |xor3:inst|        ; 1 (1)             ; 0 (0)        ; 0                 ; 0          ; 0    ; 0            ; |integrado|multiplicadortotal:inst83|mult:inst10|somador:inst|xor3:inst ; work         ;
;       |mult:inst11|            ; 2 (0)             ; 0 (0)        ; 0                 ; 0          ; 0    ; 0            ; |integrado|multiplicadortotal:inst83|mult:inst11                        ; work         ;
;          |somador:inst|        ; 2 (1)             ; 0 (0)        ; 0                 ; 0          ; 0    ; 0            ; |integrado|multiplicadortotal:inst83|mult:inst11|somador:inst           ; work         ;
;             |xor3:inst|        ; 1 (1)             ; 0 (0)        ; 0                 ; 0          ; 0    ; 0            ; |integrado|multiplicadortotal:inst83|mult:inst11|somador:inst|xor3:inst ; work         ;
;       |mult:inst12|            ; 2 (0)             ; 0 (0)        ; 0                 ; 0          ; 0    ; 0            ; |integrado|multiplicadortotal:inst83|mult:inst12                        ; work         ;
;          |somador:inst|        ; 2 (1)             ; 0 (0)        ; 0                 ; 0          ; 0    ; 0            ; |integrado|multiplicadortotal:inst83|mult:inst12|somador:inst           ; work         ;
;             |xor3:inst|        ; 1 (1)             ; 0 (0)        ; 0                 ; 0          ; 0    ; 0            ; |integrado|multiplicadortotal:inst83|mult:inst12|somador:inst|xor3:inst ; work         ;
;       |mult:inst13|            ; 3 (0)             ; 0 (0)        ; 0                 ; 0          ; 0    ; 0            ; |integrado|multiplicadortotal:inst83|mult:inst13                        ; work         ;
;          |somador:inst|        ; 3 (2)             ; 0 (0)        ; 0                 ; 0          ; 0    ; 0            ; |integrado|multiplicadortotal:inst83|mult:inst13|somador:inst           ; work         ;
;             |xor3:inst|        ; 1 (1)             ; 0 (0)        ; 0                 ; 0          ; 0    ; 0            ; |integrado|multiplicadortotal:inst83|mult:inst13|somador:inst|xor3:inst ; work         ;
;       |mult:inst14|            ; 1 (0)             ; 0 (0)        ; 0                 ; 0          ; 0    ; 0            ; |integrado|multiplicadortotal:inst83|mult:inst14                        ; work         ;
;          |somador:inst|        ; 1 (0)             ; 0 (0)        ; 0                 ; 0          ; 0    ; 0            ; |integrado|multiplicadortotal:inst83|mult:inst14|somador:inst           ; work         ;
;             |xor3:inst|        ; 1 (1)             ; 0 (0)        ; 0                 ; 0          ; 0    ; 0            ; |integrado|multiplicadortotal:inst83|mult:inst14|somador:inst|xor3:inst ; work         ;
;       |mult:inst15|            ; 2 (0)             ; 0 (0)        ; 0                 ; 0          ; 0    ; 0            ; |integrado|multiplicadortotal:inst83|mult:inst15                        ; work         ;
;          |somador:inst|        ; 2 (1)             ; 0 (0)        ; 0                 ; 0          ; 0    ; 0            ; |integrado|multiplicadortotal:inst83|mult:inst15|somador:inst           ; work         ;
;             |xor3:inst|        ; 1 (1)             ; 0 (0)        ; 0                 ; 0          ; 0    ; 0            ; |integrado|multiplicadortotal:inst83|mult:inst15|somador:inst|xor3:inst ; work         ;
;       |mult:inst16|            ; 2 (0)             ; 0 (0)        ; 0                 ; 0          ; 0    ; 0            ; |integrado|multiplicadortotal:inst83|mult:inst16                        ; work         ;
;          |somador:inst|        ; 2 (1)             ; 0 (0)        ; 0                 ; 0          ; 0    ; 0            ; |integrado|multiplicadortotal:inst83|mult:inst16|somador:inst           ; work         ;
;             |xor3:inst|        ; 1 (1)             ; 0 (0)        ; 0                 ; 0          ; 0    ; 0            ; |integrado|multiplicadortotal:inst83|mult:inst16|somador:inst|xor3:inst ; work         ;
;       |mult:inst17|            ; 1 (1)             ; 0 (0)        ; 0                 ; 0          ; 0    ; 0            ; |integrado|multiplicadortotal:inst83|mult:inst17                        ; work         ;
;       |mult:inst6|             ; 1 (0)             ; 0 (0)        ; 0                 ; 0          ; 0    ; 0            ; |integrado|multiplicadortotal:inst83|mult:inst6                         ; work         ;
;          |somador:inst|        ; 1 (0)             ; 0 (0)        ; 0                 ; 0          ; 0    ; 0            ; |integrado|multiplicadortotal:inst83|mult:inst6|somador:inst            ; work         ;
;             |xor3:inst|        ; 1 (1)             ; 0 (0)        ; 0                 ; 0          ; 0    ; 0            ; |integrado|multiplicadortotal:inst83|mult:inst6|somador:inst|xor3:inst  ; work         ;
;       |mult:inst7|             ; 1 (0)             ; 0 (0)        ; 0                 ; 0          ; 0    ; 0            ; |integrado|multiplicadortotal:inst83|mult:inst7                         ; work         ;
;          |somador:inst|        ; 1 (0)             ; 0 (0)        ; 0                 ; 0          ; 0    ; 0            ; |integrado|multiplicadortotal:inst83|mult:inst7|somador:inst            ; work         ;
;             |xor3:inst|        ; 1 (1)             ; 0 (0)        ; 0                 ; 0          ; 0    ; 0            ; |integrado|multiplicadortotal:inst83|mult:inst7|somador:inst|xor3:inst  ; work         ;
;       |mult:inst8|             ; 1 (0)             ; 0 (0)        ; 0                 ; 0          ; 0    ; 0            ; |integrado|multiplicadortotal:inst83|mult:inst8                         ; work         ;
;          |somador:inst|        ; 1 (0)             ; 0 (0)        ; 0                 ; 0          ; 0    ; 0            ; |integrado|multiplicadortotal:inst83|mult:inst8|somador:inst            ; work         ;
;             |xor3:inst|        ; 1 (1)             ; 0 (0)        ; 0                 ; 0          ; 0    ; 0            ; |integrado|multiplicadortotal:inst83|mult:inst8|somador:inst|xor3:inst  ; work         ;
;       |mult:inst9|             ; 1 (0)             ; 0 (0)        ; 0                 ; 0          ; 0    ; 0            ; |integrado|multiplicadortotal:inst83|mult:inst9                         ; work         ;
;          |somador:inst|        ; 1 (0)             ; 0 (0)        ; 0                 ; 0          ; 0    ; 0            ; |integrado|multiplicadortotal:inst83|mult:inst9|somador:inst            ; work         ;
;             |xor3:inst|        ; 1 (1)             ; 0 (0)        ; 0                 ; 0          ; 0    ; 0            ; |integrado|multiplicadortotal:inst83|mult:inst9|somador:inst|xor3:inst  ; work         ;
;       |mult:inst|              ; 1 (1)             ; 0 (0)        ; 0                 ; 0          ; 0    ; 0            ; |integrado|multiplicadortotal:inst83|mult:inst                          ; work         ;
;    |rzqd:dnvvvv|               ; 16 (0)            ; 0 (0)        ; 0                 ; 0          ; 0    ; 0            ; |integrado|rzqd:dnvvvv                                                  ; work         ;
;       |display:inst25|         ; 1 (1)             ; 0 (0)        ; 0                 ; 0          ; 0    ; 0            ; |integrado|rzqd:dnvvvv|display:inst25                                   ; work         ;
;       |div:inst11|             ; 1 (0)             ; 0 (0)        ; 0                 ; 0          ; 0    ; 0            ; |integrado|rzqd:dnvvvv|div:inst11                                       ; work         ;
;          |somsub:inst2|        ; 1 (1)             ; 0 (0)        ; 0                 ; 0          ; 0    ; 0            ; |integrado|rzqd:dnvvvv|div:inst11|somsub:inst2                          ; work         ;
;       |div:inst12|             ; 1 (0)             ; 0 (0)        ; 0                 ; 0          ; 0    ; 0            ; |integrado|rzqd:dnvvvv|div:inst12                                       ; work         ;
;          |multiplex:inst|      ; 1 (1)             ; 0 (0)        ; 0                 ; 0          ; 0    ; 0            ; |integrado|rzqd:dnvvvv|div:inst12|multiplex:inst                        ; work         ;
;       |div:inst13|             ; 1 (0)             ; 0 (0)        ; 0                 ; 0          ; 0    ; 0            ; |integrado|rzqd:dnvvvv|div:inst13                                       ; work         ;
;          |multiplex:inst|      ; 1 (1)             ; 0 (0)        ; 0                 ; 0          ; 0    ; 0            ; |integrado|rzqd:dnvvvv|div:inst13|multiplex:inst                        ; work         ;
;       |div:inst14|             ; 3 (0)             ; 0 (0)        ; 0                 ; 0          ; 0    ; 0            ; |integrado|rzqd:dnvvvv|div:inst14                                       ; work         ;
;          |multiplex:inst|      ; 2 (2)             ; 0 (0)        ; 0                 ; 0          ; 0    ; 0            ; |integrado|rzqd:dnvvvv|div:inst14|multiplex:inst                        ; work         ;
;          |somsub:inst2|        ; 1 (1)             ; 0 (0)        ; 0                 ; 0          ; 0    ; 0            ; |integrado|rzqd:dnvvvv|div:inst14|somsub:inst2                          ; work         ;
;       |div:inst15|             ; 1 (0)             ; 0 (0)        ; 0                 ; 0          ; 0    ; 0            ; |integrado|rzqd:dnvvvv|div:inst15                                       ; work         ;
;          |multiplex:inst|      ; 1 (1)             ; 0 (0)        ; 0                 ; 0          ; 0    ; 0            ; |integrado|rzqd:dnvvvv|div:inst15|multiplex:inst                        ; work         ;
;       |div:inst16|             ; 2 (0)             ; 0 (0)        ; 0                 ; 0          ; 0    ; 0            ; |integrado|rzqd:dnvvvv|div:inst16                                       ; work         ;
;          |multiplex:inst|      ; 1 (1)             ; 0 (0)        ; 0                 ; 0          ; 0    ; 0            ; |integrado|rzqd:dnvvvv|div:inst16|multiplex:inst                        ; work         ;
;          |somsub:inst2|        ; 1 (1)             ; 0 (0)        ; 0                 ; 0          ; 0    ; 0            ; |integrado|rzqd:dnvvvv|div:inst16|somsub:inst2                          ; work         ;
;       |div:inst17|             ; 2 (0)             ; 0 (0)        ; 0                 ; 0          ; 0    ; 0            ; |integrado|rzqd:dnvvvv|div:inst17                                       ; work         ;
;          |somsub:inst2|        ; 2 (2)             ; 0 (0)        ; 0                 ; 0          ; 0    ; 0            ; |integrado|rzqd:dnvvvv|div:inst17|somsub:inst2                          ; work         ;
;       |div:inst6|              ; 2 (0)             ; 0 (0)        ; 0                 ; 0          ; 0    ; 0            ; |integrado|rzqd:dnvvvv|div:inst6                                        ; work         ;
;          |somsub:inst2|        ; 2 (2)             ; 0 (0)        ; 0                 ; 0          ; 0    ; 0            ; |integrado|rzqd:dnvvvv|div:inst6|somsub:inst2                           ; work         ;
;       |div:inst8|              ; 1 (0)             ; 0 (0)        ; 0                 ; 0          ; 0    ; 0            ; |integrado|rzqd:dnvvvv|div:inst8                                        ; work         ;
;          |multiplex:inst|      ; 1 (1)             ; 0 (0)        ; 0                 ; 0          ; 0    ; 0            ; |integrado|rzqd:dnvvvv|div:inst8|multiplex:inst                         ; work         ;
;       |div:inst9|              ; 1 (0)             ; 0 (0)        ; 0                 ; 0          ; 0    ; 0            ; |integrado|rzqd:dnvvvv|div:inst9                                        ; work         ;
;          |multiplex:inst|      ; 1 (1)             ; 0 (0)        ; 0                 ; 0          ; 0    ; 0            ; |integrado|rzqd:dnvvvv|div:inst9|multiplex:inst                         ; work         ;
;    |somadortotal:inst4|        ; 12 (0)            ; 0 (0)        ; 0                 ; 0          ; 0    ; 0            ; |integrado|somadortotal:inst4                                           ; work         ;
;       |comp2:inst17|           ; 8 (3)             ; 0 (0)        ; 0                 ; 0          ; 0    ; 0            ; |integrado|somadortotal:inst4|comp2:inst17                              ; work         ;
;          |meiosomador:inst6|   ; 2 (2)             ; 0 (0)        ; 0                 ; 0          ; 0    ; 0            ; |integrado|somadortotal:inst4|comp2:inst17|meiosomador:inst6            ; work         ;
;          |meiosomador:inst7|   ; 1 (1)             ; 0 (0)        ; 0                 ; 0          ; 0    ; 0            ; |integrado|somadortotal:inst4|comp2:inst17|meiosomador:inst7            ; work         ;
;          |meiosomador:inst8|   ; 2 (2)             ; 0 (0)        ; 0                 ; 0          ; 0    ; 0            ; |integrado|somadortotal:inst4|comp2:inst17|meiosomador:inst8            ; work         ;
;       |somador:inst1|          ; 1 (1)             ; 0 (0)        ; 0                 ; 0          ; 0    ; 0            ; |integrado|somadortotal:inst4|somador:inst1                             ; work         ;
;       |somador:inst2|          ; 1 (1)             ; 0 (0)        ; 0                 ; 0          ; 0    ; 0            ; |integrado|somadortotal:inst4|somador:inst2                             ; work         ;
;       |somador:inst3|          ; 1 (1)             ; 0 (0)        ; 0                 ; 0          ; 0    ; 0            ; |integrado|somadortotal:inst4|somador:inst3                             ; work         ;
;       |somador:inst7|          ; 1 (0)             ; 0 (0)        ; 0                 ; 0          ; 0    ; 0            ; |integrado|somadortotal:inst4|somador:inst7                             ; work         ;
;          |xor3:inst|           ; 1 (1)             ; 0 (0)        ; 0                 ; 0          ; 0    ; 0            ; |integrado|somadortotal:inst4|somador:inst7|xor3:inst                   ; work         ;
+--------------------------------+-------------------+--------------+-------------------+------------+------+--------------+-------------------------------------------------------------------------+--------------+
Note: For table entries with two numbers listed, the numbers in parentheses indicate the number of resources of the given type used by the specific entity alone. The numbers listed outside of parentheses indicate the total resources of the given type used by the specific entity and all of its sub-entities in the hierarchy.


+------------------------------------------------------+
; General Register Statistics                          ;
+----------------------------------------------+-------+
; Statistic                                    ; Value ;
+----------------------------------------------+-------+
; Total registers                              ; 0     ;
; Number of registers using Synchronous Clear  ; 0     ;
; Number of registers using Synchronous Load   ; 0     ;
; Number of registers using Asynchronous Clear ; 0     ;
; Number of registers using Asynchronous Load  ; 0     ;
; Number of registers using Clock Enable       ; 0     ;
; Number of registers using Preset             ; 0     ;
+----------------------------------------------+-------+


+-----------------------------------------------------+
; Post-Synthesis Netlist Statistics for Top Partition ;
+-----------------------+-----------------------------+
; Type                  ; Count                       ;
+-----------------------+-----------------------------+
; arriav_lcell_comb     ; 180                         ;
;     extend            ; 4                           ;
;         7 data inputs ; 4                           ;
;     normal            ; 176                         ;
;         1 data inputs ; 2                           ;
;         2 data inputs ; 18                          ;
;         3 data inputs ; 25                          ;
;         4 data inputs ; 38                          ;
;         5 data inputs ; 58                          ;
;         6 data inputs ; 35                          ;
; boundary_port         ; 52                          ;
;                       ;                             ;
; Max LUT depth         ; 9.00                        ;
; Average LUT depth     ; 7.26                        ;
+-----------------------+-----------------------------+


+-------------------------------+
; Elapsed Time Per Partition    ;
+----------------+--------------+
; Partition Name ; Elapsed Time ;
+----------------+--------------+
; Top            ; 00:00:09     ;
+----------------+--------------+


+-------------------------------+
; Analysis & Synthesis Messages ;
+-------------------------------+
Info: *******************************************************************
Info: Running Quartus II 64-Bit Analysis & Synthesis
    Info: Version 14.1.0 Build 186 12/03/2014 SJ Web Edition
    Info: Processing started: Tue Jun 25 15:21:17 2019
Info: Command: quartus_map --read_settings_files=on --write_settings_files=off integrado -c integrado
Info (20030): Parallel compilation is enabled and will use 4 of the 4 processors detected
Info (12021): Found 1 design units, including 1 entities, in source file integrado.bdf
    Info (12023): Found entity 1: integrado
Info (12021): Found 1 design units, including 1 entities, in source file multiplicadortotal.bdf
    Info (12023): Found entity 1: multiplicadortotal
Info (12021): Found 1 design units, including 1 entities, in source file somadortotal.bdf
    Info (12023): Found entity 1: somadortotal
Info (12021): Found 1 design units, including 1 entities, in source file divisor total.bdf
    Info (12023): Found entity 1: divisor total
Info (12021): Found 1 design units, including 1 entities, in source file multiplex2.bdf
    Info (12023): Found entity 1: multiplex2
Info (12021): Found 1 design units, including 1 entities, in source file divvvvv.bdf
    Info (12023): Found entity 1: divvvvv
Info (12021): Found 1 design units, including 1 entities, in source file rzqd.bdf
    Info (12023): Found entity 1: rzqd
Warning (12019): Can't analyze file -- file output_files/multiplicadortotal.bdf is missing
Info (12127): Elaborating entity "integrado" for the top level hierarchy
Warning (12125): Using design file multiplex.bdf, which is not specified as a design file for the current project, but contains definitions for 1 design units and 1 entities in project
    Info (12023): Found entity 1: multiplex
Info (12128): Elaborating entity "multiplex" for hierarchy "multiplex:inst25"
Warning (12125): Using design file display.bdf, which is not specified as a design file for the current project, but contains definitions for 1 design units and 1 entities in project
    Info (12023): Found entity 1: display
Info (12128): Elaborating entity "display" for hierarchy "display:opaaaaaa"
Warning (12125): Using design file comp2.bdf, which is not specified as a design file for the current project, but contains definitions for 1 design units and 1 entities in project
    Info (12023): Found entity 1: comp2
Info (12128): Elaborating entity "comp2" for hierarchy "comp2:inst27"
Warning (275008): Primitive "GND" of instance "inst15" not used
Warning (12125): Using design file meiosomador.bdf, which is not specified as a design file for the current project, but contains definitions for 1 design units and 1 entities in project
    Info (12023): Found entity 1: meiosomador
Info (12128): Elaborating entity "meiosomador" for hierarchy "comp2:inst27|meiosomador:inst5"
Info (12128): Elaborating entity "rzqd" for hierarchy "rzqd:dnvvvv"
Warning (12125): Using design file div.bdf, which is not specified as a design file for the current project, but contains definitions for 1 design units and 1 entities in project
    Info (12023): Found entity 1: div
Info (12128): Elaborating entity "div" for hierarchy "rzqd:dnvvvv|div:inst17"
Warning (12125): Using design file somsub.bdf, which is not specified as a design file for the current project, but contains definitions for 1 design units and 1 entities in project
    Info (12023): Found entity 1: somsub
Info (12128): Elaborating entity "somsub" for hierarchy "rzqd:dnvvvv|div:inst17|somsub:inst2"
Info (12128): Elaborating entity "XOR3" for hierarchy "rzqd:dnvvvv|div:inst17|somsub:inst2|XOR3:inst2"
Info (12130): Elaborated megafunction instantiation "rzqd:dnvvvv|div:inst17|somsub:inst2|XOR3:inst2"
Info (12128): Elaborating entity "multiplex2" for hierarchy "multiplex2:inst61"
Info (12128): Elaborating entity "somadortotal" for hierarchy "somadortotal:inst4"
Warning (275008): Primitive "GND" of instance "inst18" not used
Warning (12125): Using design file somador.bdf, which is not specified as a design file for the current project, but contains definitions for 1 design units and 1 entities in project
    Info (12023): Found entity 1: somador
Info (12128): Elaborating entity "somador" for hierarchy "somadortotal:inst4|somador:inst7"
Info (12128): Elaborating entity "multiplicadortotal" for hierarchy "multiplicadortotal:inst83"
Warning (12125): Using design file mult.bdf, which is not specified as a design file for the current project, but contains definitions for 1 design units and 1 entities in project
    Info (12023): Found entity 1: mult
Info (12128): Elaborating entity "mult" for hierarchy "multiplicadortotal:inst83|mult:inst"
Info (12128): Elaborating entity "divvvvv" for hierarchy "divvvvv:inst81"
Info (286030): Timing-Driven Synthesis is running
Info (16010): Generating hard_block partition "hard_block:auto_generated_inst"
    Info (16011): Adding 0 node(s), including 0 DDIO, 0 PLL, 0 transceiver and 0 LCELL
Info (21057): Implemented 230 device resources after synthesis - the final resource count might be different
    Info (21058): Implemented 14 input pins
    Info (21059): Implemented 38 output pins
    Info (21061): Implemented 178 logic cells
Info: Quartus II 64-Bit Analysis & Synthesis was successful. 0 errors, 11 warnings
    Info: Peak virtual memory: 4852 megabytes
    Info: Processing ended: Tue Jun 25 15:22:44 2019
    Info: Elapsed time: 00:01:27
    Info: Total CPU time (on all processors): 00:00:23


